<?xml version="1.0" encoding="UTF-8"?>
<!-- Generated by org.testng.reporters.JUnitReportReporter -->
<testsuite skipped="1" hostname="Ankurs-MacBook-Pro.local" name="testngtests.CheckDataProvider" tests="3" failures="0" timestamp="03 Jun 2020 12:19:58 GMT" time="0.023" errors="0">
  <testcase name="tests" time="0.003" classname="testngtests.CheckDataProvider"/>
  <testcase name="tests" time="0.020" classname="testngtests.CheckDataProvider"/>
  <testcase name="test" classname="testngtests.CheckDataProvider">
    <skipped/>
  </testcase> <!-- test -->
</testsuite> <!-- testngtests.CheckDataProvider -->
